Info: Starting: Create block symbol file (.bsf)
Info: qsys-generate /home/player999/storage/Work/SoC_FPGA/SHA256_Avalon/soc_system.qsys --block-symbol-file --output-directory=/home/player999/storage/Work/SoC_FPGA/SHA256_Avalon/soc_system --family="Cyclone V" --part=5CSEMA5F31C6
Progress: Loading SHA256_Avalon/soc_system.qsys
Progress: Reading input file
Progress: Adding SHA256_av_calc_0 [SHA256_av_calc 1.0]
Progress: Parameterizing module SHA256_av_calc_0
Progress: Adding clk_0 [clock_source 18.1]
Progress: Parameterizing module clk_0
Progress: Adding hps_0 [altera_hps 18.1]
Progress: Parameterizing module hps_0
Progress: Adding pll_0 [altera_pll 18.1]
Progress: Parameterizing module pll_0
Progress: Building connections
Progress: Parameterizing connections
Progress: Validating
Progress: Done reading input file
Info: soc_system.hps_0: HPS Main PLL counter settings: n = 0  m = 73
Info: soc_system.hps_0: HPS peripherial PLL counter settings: n = 0  m = 39
Warning: soc_system.hps_0: "Configuration/HPS-to-FPGA user 0 clock frequency" (desired_cfg_clk_mhz) requested 100.0 MHz, but only achieved 97.368421 MHz
Warning: soc_system.hps_0: "QSPI clock frequency" (desired_qspi_clk_mhz) requested 400.0 MHz, but only achieved 370.0 MHz
Warning: soc_system.hps_0: 1 or more output clock frequencies cannot be achieved precisely, consider revising desired output clock frequencies.
Info: soc_system.pll_0: The legal reference clock frequency is 5.0 MHz..800.0 MHz
Warning: soc_system.pll_0: Able to implement PLL - Actual settings differ from Requested settings
Info: qsys-generate succeeded.
Info: Finished: Create block symbol file (.bsf)
Info: 
Info: Starting: Create HDL design files for synthesis
Info: qsys-generate /home/player999/storage/Work/SoC_FPGA/SHA256_Avalon/soc_system.qsys --synthesis=VERILOG --output-directory=/home/player999/storage/Work/SoC_FPGA/SHA256_Avalon/soc_system/synthesis --family="Cyclone V" --part=5CSEMA5F31C6
Progress: Loading SHA256_Avalon/soc_system.qsys
Progress: Reading input file
Progress: Adding SHA256_av_calc_0 [SHA256_av_calc 1.0]
Progress: Parameterizing module SHA256_av_calc_0
Progress: Adding clk_0 [clock_source 18.1]
Progress: Parameterizing module clk_0
Progress: Adding hps_0 [altera_hps 18.1]
Progress: Parameterizing module hps_0
Progress: Adding pll_0 [altera_pll 18.1]
Progress: Parameterizing module pll_0
Progress: Building connections
Progress: Parameterizing connections
Progress: Validating
Progress: Done reading input file
Info: soc_system.hps_0: HPS Main PLL counter settings: n = 0  m = 73
Info: soc_system.hps_0: HPS peripherial PLL counter settings: n = 0  m = 39
Warning: soc_system.hps_0: "Configuration/HPS-to-FPGA user 0 clock frequency" (desired_cfg_clk_mhz) requested 100.0 MHz, but only achieved 97.368421 MHz
Warning: soc_system.hps_0: "QSPI clock frequency" (desired_qspi_clk_mhz) requested 400.0 MHz, but only achieved 370.0 MHz
Warning: soc_system.hps_0: 1 or more output clock frequencies cannot be achieved precisely, consider revising desired output clock frequencies.
Info: soc_system.pll_0: The legal reference clock frequency is 5.0 MHz..800.0 MHz
Warning: soc_system.pll_0: Able to implement PLL - Actual settings differ from Requested settings
Info: soc_system: Generating soc_system "soc_system" for QUARTUS_SYNTH
Info: Interconnect is inserted between master hps_0.h2f_lw_axi_master and slave SHA256_av_calc_0.avalon_slave_0 because the master is of type axi and the slave is of type avalon.
Info: SHA256_av_calc_0: "soc_system" instantiated SHA256_av_calc "SHA256_av_calc_0"
Info: hps_0: "Running  for module: hps_0"
Info: hps_0: HPS Main PLL counter settings: n = 0  m = 73
Info: hps_0: HPS peripherial PLL counter settings: n = 0  m = 39
Warning: hps_0: "Configuration/HPS-to-FPGA user 0 clock frequency" (desired_cfg_clk_mhz) requested 100.0 MHz, but only achieved 97.368421 MHz
Warning: hps_0: "QSPI clock frequency" (desired_qspi_clk_mhz) requested 400.0 MHz, but only achieved 370.0 MHz
Warning: hps_0: 1 or more output clock frequencies cannot be achieved precisely, consider revising desired output clock frequencies.
Info: hps_0: "soc_system" instantiated altera_hps "hps_0"
Info: pll_0: "soc_system" instantiated altera_pll "pll_0"
Info: avalon_st_adapter: Inserting error_adapter: error_adapter_0
Info: mm_interconnect_0: "soc_system" instantiated altera_mm_interconnect "mm_interconnect_0"
Info: rst_controller: "soc_system" instantiated altera_reset_controller "rst_controller"
Info: fpga_interfaces: "hps_0" instantiated altera_interface_generator "fpga_interfaces"
Info: hps_io: "hps_0" instantiated altera_hps_io "hps_io"
Info: SHA256_av_calc_0_avalon_slave_0_translator: "mm_interconnect_0" instantiated altera_merlin_slave_translator "SHA256_av_calc_0_avalon_slave_0_translator"
Info: hps_0_h2f_lw_axi_master_agent: "mm_interconnect_0" instantiated altera_merlin_axi_master_ni "hps_0_h2f_lw_axi_master_agent"
Info: SHA256_av_calc_0_avalon_slave_0_agent: "mm_interconnect_0" instantiated altera_merlin_slave_agent "SHA256_av_calc_0_avalon_slave_0_agent"
Info: SHA256_av_calc_0_avalon_slave_0_agent_rsp_fifo: "mm_interconnect_0" instantiated altera_avalon_sc_fifo "SHA256_av_calc_0_avalon_slave_0_agent_rsp_fifo"
Info: router: "mm_interconnect_0" instantiated altera_merlin_router "router"
Info: router_002: "mm_interconnect_0" instantiated altera_merlin_router "router_002"
Info: SHA256_av_calc_0_avalon_slave_0_burst_adapter: "mm_interconnect_0" instantiated altera_merlin_burst_adapter "SHA256_av_calc_0_avalon_slave_0_burst_adapter"
Info: Reusing file /home/player999/storage/Work/SoC_FPGA/SHA256_Avalon/soc_system/synthesis/submodules/altera_merlin_address_alignment.sv
Info: cmd_demux: "mm_interconnect_0" instantiated altera_merlin_demultiplexer "cmd_demux"
Info: cmd_mux: "mm_interconnect_0" instantiated altera_merlin_multiplexer "cmd_mux"
Info: rsp_demux: "mm_interconnect_0" instantiated altera_merlin_demultiplexer "rsp_demux"
Info: rsp_mux: "mm_interconnect_0" instantiated altera_merlin_multiplexer "rsp_mux"
Info: Reusing file /home/player999/storage/Work/SoC_FPGA/SHA256_Avalon/soc_system/synthesis/submodules/altera_merlin_arbitrator.sv
Info: avalon_st_adapter: "mm_interconnect_0" instantiated altera_avalon_st_adapter "avalon_st_adapter"
Info: border: "hps_io" instantiated altera_interface_generator "border"
Info: error_adapter_0: "avalon_st_adapter" instantiated error_adapter "error_adapter_0"
Info: soc_system: Done "soc_system" with 22 modules, 79 files
Info: qsys-generate succeeded.
Info: Finished: Create HDL design files for synthesis
